[2025-03-11T14:27:05.712+0000] {manager.py:483} INFO - Processing files using up to 2 processes at a time 
[2025-03-11T14:27:05.712+0000] {manager.py:484} INFO - Process each file at most once every 30 seconds
[2025-03-11T14:27:05.712+0000] {manager.py:485} INFO - Checking for new files in /opt/airflow/dags every 300 seconds
[2025-03-11T14:27:05.712+0000] {manager.py:821} INFO - Searching for files in /opt/airflow/dags
[2025-03-11T14:27:05.891+0000] {manager.py:824} INFO - There are 1 files in /opt/airflow/dags
[2025-03-11T14:27:06.059+0000] {manager.py:997} INFO - 
================================================================================
DAG File Processing Stats

File Path                        PID  Runtime      # DAGs    # Errors  Last Runtime    Last Run      Last # of DB Queries
-----------------------------  -----  ---------  --------  ----------  --------------  ----------  ----------------------
/opt/airflow/dags/pipeline.py    158  0.11s             0           0                                                   0
================================================================================
[2025-03-11T14:27:36.257+0000] {manager.py:997} INFO - 
================================================================================
DAG File Processing Stats

File Path                      PID    Runtime      # DAGs    # Errors  Last Runtime    Last Run               Last # of DB Queries
-----------------------------  -----  ---------  --------  ----------  --------------  -------------------  ----------------------
/opt/airflow/dags/pipeline.py                           1           0  0.59s           2025-03-11T14:27:06                      26
================================================================================
[2025-03-11T14:28:06.989+0000] {manager.py:997} INFO - 
================================================================================
DAG File Processing Stats

File Path                        PID  Runtime      # DAGs    # Errors  Last Runtime    Last Run               Last # of DB Queries
-----------------------------  -----  ---------  --------  ----------  --------------  -------------------  ----------------------
/opt/airflow/dags/pipeline.py    168  0.00s             1           0  0.14s           2025-03-11T14:27:36                      12
================================================================================
[2025-03-11T14:28:14.852+0000] {manager.py:465} INFO - Exiting gracefully upon receiving signal 15
